<?xml version="1.0" encoding="UTF-8"?>
<testsuite name="com.oracle.labs.montecarlo.PiCommandTest" tests="1" skipped="0" failures="0" errors="0" timestamp="2024-02-07T15:02:54" hostname="MacBook-Pro.local" time="0.66">
  <properties/>
  <testcase name="testWithCommandLineOption()" classname="com.oracle.labs.montecarlo.PiCommandTest" time="0.66"/>
  <system-out><![CDATA[]]></system-out>
  <system-err><![CDATA[]]></system-err>
</testsuite>
